{"/Users/sarahoconnor/Documents/bnta_work/week_08/day_03/Lab_17/Car.js": {"path":"/Users/sarahoconnor/Documents/bnta_work/week_08/day_03/Lab_17/Car.js","statementMap":{"0":{"start":{"line":3,"column":12},"end":{"line":7,"column":1}},"1":{"start":{"line":4,"column":4},"end":{"line":4,"column":37}},"2":{"start":{"line":5,"column":4},"end":{"line":5,"column":23}},"3":{"start":{"line":6,"column":4},"end":{"line":6,"column":33}},"4":{"start":{"line":11,"column":0},"end":{"line":13,"column":1}},"5":{"start":{"line":12,"column":4},"end":{"line":12,"column":29}},"6":{"start":{"line":15,"column":0},"end":{"line":17,"column":1}},"7":{"start":{"line":16,"column":4},"end":{"line":16,"column":37}},"8":{"start":{"line":19,"column":0},"end":{"line":21,"column":1}},"9":{"start":{"line":20,"column":4},"end":{"line":20,"column":22}},"10":{"start":{"line":23,"column":0},"end":{"line":25,"column":1}},"11":{"start":{"line":24,"column":4},"end":{"line":24,"column":23}},"12":{"start":{"line":27,"column":0},"end":{"line":29,"column":1}},"13":{"start":{"line":28,"column":4},"end":{"line":28,"column":27}},"14":{"start":{"line":31,"column":0},"end":{"line":33,"column":1}},"15":{"start":{"line":32,"column":4},"end":{"line":32,"column":33}},"16":{"start":{"line":37,"column":0},"end":{"line":37,"column":21}}},"fnMap":{"0":{"name":"(anonymous_0)","decl":{"start":{"line":3,"column":12},"end":{"line":3,"column":13}},"loc":{"start":{"line":3,"column":54},"end":{"line":7,"column":1}},"line":3},"1":{"name":"(anonymous_1)","decl":{"start":{"line":11,"column":32},"end":{"line":11,"column":33}},"loc":{"start":{"line":11,"column":43},"end":{"line":13,"column":1}},"line":11},"2":{"name":"(anonymous_2)","decl":{"start":{"line":15,"column":32},"end":{"line":15,"column":33}},"loc":{"start":{"line":15,"column":55},"end":{"line":17,"column":1}},"line":15},"3":{"name":"(anonymous_3)","decl":{"start":{"line":19,"column":25},"end":{"line":19,"column":26}},"loc":{"start":{"line":19,"column":36},"end":{"line":21,"column":1}},"line":19},"4":{"name":"(anonymous_4)","decl":{"start":{"line":23,"column":25},"end":{"line":23,"column":26}},"loc":{"start":{"line":23,"column":41},"end":{"line":25,"column":1}},"line":23},"5":{"name":"(anonymous_5)","decl":{"start":{"line":27,"column":30},"end":{"line":27,"column":31}},"loc":{"start":{"line":27,"column":41},"end":{"line":29,"column":1}},"line":27},"6":{"name":"(anonymous_6)","decl":{"start":{"line":31,"column":30},"end":{"line":31,"column":31}},"loc":{"start":{"line":31,"column":51},"end":{"line":33,"column":1}},"line":31}},"branchMap":{},"s":{"0":2,"1":11,"2":11,"3":11,"4":2,"5":0,"6":2,"7":0,"8":2,"9":0,"10":2,"11":0,"12":2,"13":0,"14":2,"15":0,"16":2},"f":{"0":11,"1":0,"2":0,"3":0,"4":0,"5":0,"6":0},"b":{},"_coverageSchema":"1a1c01bbd47fc00a2c39e90264f33305004495a9","hash":"ee2ed62102dc536b0832d519bb2d1257d015ae91"}
,"/Users/sarahoconnor/Documents/bnta_work/week_08/day_03/Lab_17/Dealership.js": {"path":"/Users/sarahoconnor/Documents/bnta_work/week_08/day_03/Lab_17/Dealership.js","statementMap":{"0":{"start":{"line":3,"column":12},"end":{"line":3,"column":28}},"1":{"start":{"line":7,"column":19},"end":{"line":11,"column":1}},"2":{"start":{"line":8,"column":4},"end":{"line":8,"column":21}},"3":{"start":{"line":9,"column":4},"end":{"line":9,"column":27}},"4":{"start":{"line":10,"column":4},"end":{"line":10,"column":26}},"5":{"start":{"line":15,"column":0},"end":{"line":17,"column":1}},"6":{"start":{"line":16,"column":4},"end":{"line":16,"column":21}},"7":{"start":{"line":19,"column":0},"end":{"line":21,"column":1}},"8":{"start":{"line":20,"column":4},"end":{"line":20,"column":21}},"9":{"start":{"line":23,"column":0},"end":{"line":25,"column":1}},"10":{"start":{"line":24,"column":4},"end":{"line":24,"column":24}},"11":{"start":{"line":27,"column":0},"end":{"line":29,"column":1}},"12":{"start":{"line":28,"column":4},"end":{"line":28,"column":27}},"13":{"start":{"line":33,"column":0},"end":{"line":35,"column":1}},"14":{"start":{"line":34,"column":4},"end":{"line":34,"column":35}},"15":{"start":{"line":37,"column":0},"end":{"line":45,"column":1}},"16":{"start":{"line":38,"column":4},"end":{"line":44,"column":5}},"17":{"start":{"line":39,"column":6},"end":{"line":39,"column":33}},"18":{"start":{"line":40,"column":6},"end":{"line":40,"column":18}},"19":{"start":{"line":42,"column":8},"end":{"line":42,"column":71}},"20":{"start":{"line":43,"column":8},"end":{"line":43,"column":21}},"21":{"start":{"line":47,"column":0},"end":{"line":49,"column":1}},"22":{"start":{"line":48,"column":4},"end":{"line":48,"column":54}},"23":{"start":{"line":48,"column":36},"end":{"line":48,"column":52}},"24":{"start":{"line":51,"column":0},"end":{"line":53,"column":1}},"25":{"start":{"line":52,"column":4},"end":{"line":52,"column":77}},"26":{"start":{"line":52,"column":42},"end":{"line":52,"column":75}},"27":{"start":{"line":55,"column":0},"end":{"line":57,"column":1}},"28":{"start":{"line":56,"column":4},"end":{"line":56,"column":68}},"29":{"start":{"line":56,"column":46},"end":{"line":56,"column":63}},"30":{"start":{"line":61,"column":0},"end":{"line":61,"column":28}}},"fnMap":{"0":{"name":"(anonymous_0)","decl":{"start":{"line":7,"column":19},"end":{"line":7,"column":20}},"loc":{"start":{"line":7,"column":43},"end":{"line":11,"column":1}},"line":7},"1":{"name":"(anonymous_1)","decl":{"start":{"line":15,"column":31},"end":{"line":15,"column":32}},"loc":{"start":{"line":15,"column":42},"end":{"line":17,"column":1}},"line":15},"2":{"name":"(anonymous_2)","decl":{"start":{"line":19,"column":31},"end":{"line":19,"column":32}},"loc":{"start":{"line":19,"column":46},"end":{"line":21,"column":1}},"line":19},"3":{"name":"(anonymous_3)","decl":{"start":{"line":23,"column":34},"end":{"line":23,"column":35}},"loc":{"start":{"line":23,"column":45},"end":{"line":25,"column":1}},"line":23},"4":{"name":"(anonymous_4)","decl":{"start":{"line":27,"column":34},"end":{"line":27,"column":35}},"loc":{"start":{"line":27,"column":52},"end":{"line":29,"column":1}},"line":27},"5":{"name":"(anonymous_5)","decl":{"start":{"line":33,"column":33},"end":{"line":33,"column":34}},"loc":{"start":{"line":33,"column":44},"end":{"line":35,"column":1}},"line":33},"6":{"name":"(anonymous_6)","decl":{"start":{"line":37,"column":37},"end":{"line":37,"column":38}},"loc":{"start":{"line":37,"column":51},"end":{"line":45,"column":1}},"line":37},"7":{"name":"(anonymous_7)","decl":{"start":{"line":47,"column":43},"end":{"line":47,"column":44}},"loc":{"start":{"line":47,"column":54},"end":{"line":49,"column":1}},"line":47},"8":{"name":"(anonymous_8)","decl":{"start":{"line":48,"column":27},"end":{"line":48,"column":28}},"loc":{"start":{"line":48,"column":36},"end":{"line":48,"column":52}},"line":48},"9":{"name":"(anonymous_9)","decl":{"start":{"line":51,"column":46},"end":{"line":51,"column":47}},"loc":{"start":{"line":51,"column":69},"end":{"line":53,"column":1}},"line":51},"10":{"name":"(anonymous_10)","decl":{"start":{"line":52,"column":35},"end":{"line":52,"column":36}},"loc":{"start":{"line":52,"column":42},"end":{"line":52,"column":75}},"line":52},"11":{"name":"(anonymous_11)","decl":{"start":{"line":55,"column":47},"end":{"line":55,"column":48}},"loc":{"start":{"line":55,"column":58},"end":{"line":57,"column":1}},"line":55},"12":{"name":"(anonymous_12)","decl":{"start":{"line":56,"column":30},"end":{"line":56,"column":31}},"loc":{"start":{"line":56,"column":46},"end":{"line":56,"column":63}},"line":56}},"branchMap":{"0":{"loc":{"start":{"line":38,"column":4},"end":{"line":44,"column":5}},"type":"if","locations":[{"start":{"line":38,"column":4},"end":{"line":44,"column":5}},{"start":{"line":41,"column":11},"end":{"line":44,"column":5}}],"line":38}},"s":{"0":1,"1":1,"2":5,"3":5,"4":5,"5":1,"6":0,"7":1,"8":0,"9":1,"10":0,"11":1,"12":0,"13":1,"14":1,"15":1,"16":7,"17":6,"18":6,"19":1,"20":1,"21":1,"22":0,"23":0,"24":1,"25":0,"26":0,"27":1,"28":0,"29":0,"30":1},"f":{"0":5,"1":0,"2":0,"3":0,"4":0,"5":1,"6":7,"7":0,"8":0,"9":0,"10":0,"11":0,"12":0},"b":{"0":[6,1]},"_coverageSchema":"1a1c01bbd47fc00a2c39e90264f33305004495a9","hash":"f7ec84d4d40f5e6fc82e64b605cd4def69d42344"}
}
